# JRE version: OpenJDK Runtime Environment Temurin-17.0.12+7 (17.0.12+7) (build 17.0.12+7)
# Java VM: OpenJDK 64-Bit Server VM Temurin-17.0.12+7 (17.0.12+7, mixed mode, tiered, compressed oops, compressed class ptrs, parallel gc, linux-amd64)
GC Precious Log:
 CPUs: 12 total, 12 available
 Memory: 31781M
 Large Page Support: Disabled
 NUMA Support: Disabled
 Compressed Oops: Enabled (32-bit)
 Alignments: Space 512K, Generation 512K, Heap 2M
 Heap Min Capacity: 100M
 Heap Initial Capacity: 100M
 Heap Max Capacity: 1G
 Pre-touch: Disabled
 Parallel Workers: 10
Heap:
 PSYoungGen      total 2560K, used 2560K [0x00000000eab00000, 0x00000000eb080000, 0x0000000100000000)
  eden space 2048K, 100% used [0x00000000eab00000,0x00000000ead00000,0x00000000ead00000)
  from space 512K, 100% used [0x00000000eae80000,0x00000000eaf00000,0x00000000eaf00000)
  to   space 1536K, 0% used [0x00000000ead00000,0x00000000ead00000,0x00000000eae80000)
 ParOldGen       total 176128K, used 174792K [0x00000000c0000000, 0x00000000cac00000, 0x00000000eab00000)
  object space 176128K, 99% used [0x00000000c0000000,0x00000000caab2050,0x00000000cac00000)
 Metaspace       used 114756K, committed 116416K, reserved 1179648K
  class space    used 11631K, committed 12416K, reserved 1048576K
GC Heap History (20 events):
Event: 3265,238 GC heap before
{Heap before GC invocations=10191 (full 237):
 PSYoungGen      total 4608K, used 4128K [0x00000000eab00000, 0x00000000eb080000, 0x0000000100000000)
  eden space 3584K, 100% used [0x00000000eab00000,0x00000000eae80000,0x00000000eae80000)
  from space 1024K, 53% used [0x00000000eaf80000,0x00000000eb008000,0x00000000eb080000)
  to   space 1024K, 0% used [0x00000000eae80000,0x00000000eae80000,0x00000000eaf80000)
 ParOldGen       total 176128K, used 170484K [0x00000000c0000000, 0x00000000cac00000, 0x00000000eab00000)
  object space 176128K, 96% used [0x00000000c0000000,0x00000000ca67d120,0x00000000cac00000)
 Metaspace       used 114742K, committed 116416K, reserved 1179648K
  class space    used 11631K, committed 12416K, reserved 1048576K
}
Event: 3265,239 GC heap after
{Heap after GC invocations=10191 (full 237):
 PSYoungGen      total 4608K, used 448K [0x00000000eab00000, 0x00000000eb000000, 0x0000000100000000)
  eden space 3584K, 0% used [0x00000000eab00000,0x00000000eab00000,0x00000000eae80000)
  from space 1024K, 43% used [0x00000000eae80000,0x00000000eaef0000,0x00000000eaf80000)
  to   space 512K, 0% used [0x00000000eaf80000,0x00000000eaf80000,0x00000000eb000000)
 ParOldGen       total 176128K, used 170940K [0x00000000c0000000, 0x00000000cac00000, 0x00000000eab00000)
  object space 176128K, 97% used [0x00000000c0000000,0x00000000ca6ef120,0x00000000cac00000)
 Metaspace       used 114742K, committed 116416K, reserved 1179648K
  class space    used 11631K, committed 12416K, reserved 1048576K
}
Event: 3265,248 GC heap before
{Heap before GC invocations=10192 (full 237):
 PSYoungGen      total 4608K, used 4032K [0x00000000eab00000, 0x00000000eb000000, 0x0000000100000000)
  eden space 3584K, 100% used [0x00000000eab00000,0x00000000eae80000,0x00000000eae80000)
  from space 1024K, 43% used [0x00000000eae80000,0x00000000eaef0000,0x00000000eaf80000)
  to   space 512K, 0% used [0x00000000eaf80000,0x00000000eaf80000,0x00000000eb000000)
 ParOldGen       total 176128K, used 170940K [0x00000000c0000000, 0x00000000cac00000, 0x00000000eab00000)
  object space 176128K, 97% used [0x00000000c0000000,0x00000000ca6ef120,0x00000000cac00000)
 Metaspace       used 114742K, committed 116416K, reserved 1179648K
  class space    used 11631K, committed 12416K, reserved 1048576K
}
Event: 3265,249 GC heap after
{Heap after GC invocations=10192 (full 237):
 PSYoungGen      total 3584K, used 512K [0x00000000eab00000, 0x00000000eb180000, 0x0000000100000000)
  eden space 3072K, 0% used [0x00000000eab00000,0x00000000eab00000,0x00000000eae00000)
  from space 512K, 100% used [0x00000000eaf80000,0x00000000eb000000,0x00000000eb000000)
  to   space 1536K, 0% used [0x00000000eae00000,0x00000000eae00000,0x00000000eaf80000)
 ParOldGen       total 176128K, used 171416K [0x00000000c0000000, 0x00000000cac00000, 0x00000000eab00000)
  object space 176128K, 97% used [0x00000000c0000000,0x00000000ca766198,0x00000000cac00000)
 Metaspace       used 114742K, committed 116416K, reserved 1179648K
  class space    used 11631K, committed 12416K, reserved 1048576K
}
Event: 3265,253 GC heap before
{Heap before GC invocations=10193 (full 237):
 PSYoungGen      total 3584K, used 3584K [0x00000000eab00000, 0x00000000eb180000, 0x0000000100000000)
  eden space 3072K, 100% used [0x00000000eab00000,0x00000000eae00000,0x00000000eae00000)
  from space 512K, 100% used [0x00000000eaf80000,0x00000000eb000000,0x00000000eb000000)
  to   space 1536K, 0% used [0x00000000eae00000,0x00000000eae00000,0x00000000eaf80000)
 ParOldGen       total 176128K, used 171416K [0x00000000c0000000, 0x00000000cac00000, 0x00000000eab00000)
  object space 176128K, 97% used [0x00000000c0000000,0x00000000ca766198,0x00000000cac00000)
 Metaspace       used 114742K, committed 116416K, reserved 1179648K
  class space    used 11631K, committed 12416K, reserved 1048576K
}
Event: 3265,255 GC heap after
{Heap after GC invocations=10193 (full 237):
 PSYoungGen      total 4096K, used 576K [0x00000000eab00000, 0x00000000eb000000, 0x0000000100000000)
  eden space 3072K, 0% used [0x00000000eab00000,0x00000000eab00000,0x00000000eae00000)
  from space 1024K, 56% used [0x00000000eae00000,0x00000000eae90000,0x00000000eaf00000)
  to   space 1024K, 0% used [0x00000000eaf00000,0x00000000eaf00000,0x00000000eb000000)
 ParOldGen       total 176128K, used 171908K [0x00000000c0000000, 0x00000000cac00000, 0x00000000eab00000)
  object space 176128K, 97% used [0x00000000c0000000,0x00000000ca7e11d8,0x00000000cac00000)
 Metaspace       used 114742K, committed 116416K, reserved 1179648K
  class space    used 11631K, committed 12416K, reserved 1048576K
}
Event: 3265,261 GC heap before
{Heap before GC invocations=10194 (full 237):
 PSYoungGen      total 4096K, used 3648K [0x00000000eab00000, 0x00000000eb000000, 0x0000000100000000)
  eden space 3072K, 100% used [0x00000000eab00000,0x00000000eae00000,0x00000000eae00000)
  from space 1024K, 56% used [0x00000000eae00000,0x00000000eae90000,0x00000000eaf00000)
  to   space 1024K, 0% used [0x00000000eaf00000,0x00000000eaf00000,0x00000000eb000000)
 ParOldGen       total 176128K, used 171908K [0x00000000c0000000, 0x00000000cac00000, 0x00000000eab00000)
  object space 176128K, 97% used [0x00000000c0000000,0x00000000ca7e11d8,0x00000000cac00000)
 Metaspace       used 114742K, committed 116416K, reserved 1179648K
  class space    used 11631K, committed 12416K, reserved 1048576K
}
Event: 3265,262 GC heap after
{Heap after GC invocations=10194 (full 237):
 PSYoungGen      total 3584K, used 384K [0x00000000eab00000, 0x00000000eaf80000, 0x0000000100000000)
  eden space 3072K, 0% used [0x00000000eab00000,0x00000000eab00000,0x00000000eae00000)
  from space 512K, 75% used [0x00000000eaf00000,0x00000000eaf60000,0x00000000eaf80000)
  to   space 512K, 0% used [0x00000000eae80000,0x00000000eae80000,0x00000000eaf00000)
 ParOldGen       total 176128K, used 172380K [0x00000000c0000000, 0x00000000cac00000, 0x00000000eab00000)
  object space 176128K, 97% used [0x00000000c0000000,0x00000000ca8571f8,0x00000000cac00000)
 Metaspace       used 114742K, committed 116416K, reserved 1179648K
  class space    used 11631K, committed 12416K, reserved 1048576K
}
Event: 3265,267 GC heap before
{Heap before GC invocations=10195 (full 237):
 PSYoungGen      total 3584K, used 3456K [0x00000000eab00000, 0x00000000eaf80000, 0x0000000100000000)
  eden space 3072K, 100% used [0x00000000eab00000,0x00000000eae00000,0x00000000eae00000)
  from space 512K, 75% used [0x00000000eaf00000,0x00000000eaf60000,0x00000000eaf80000)
  to   space 512K, 0% used [0x00000000eae80000,0x00000000eae80000,0x00000000eaf00000)
 ParOldGen       total 176128K, used 172380K [0x00000000c0000000, 0x00000000cac00000, 0x00000000eab00000)
  object space 176128K, 97% used [0x00000000c0000000,0x00000000ca8571f8,0x00000000cac00000)
 Metaspace       used 114742K, committed 116416K, reserved 1179648K
  class space    used 11631K, committed 12416K, reserved 1048576K
}
Event: 3265,268 GC heap after
{Heap after GC invocations=10195 (full 237):
 PSYoungGen      total 3584K, used 480K [0x00000000eab00000, 0x00000000eaf80000, 0x0000000100000000)
  eden space 3072K, 0% used [0x00000000eab00000,0x00000000eab00000,0x00000000eae00000)
  from space 512K, 93% used [0x00000000eae80000,0x00000000eaef8000,0x00000000eaf00000)
  to   space 512K, 0% used [0x00000000eaf00000,0x00000000eaf00000,0x00000000eaf80000)
 ParOldGen       total 176128K, used 172684K [0x00000000c0000000, 0x00000000cac00000, 0x00000000eab00000)
  object space 176128K, 98% used [0x00000000c0000000,0x00000000ca8a31f8,0x00000000cac00000)
 Metaspace       used 114742K, committed 116416K, reserved 1179648K
  class space    used 11631K, committed 12416K, reserved 1048576K
}
Event: 3265,288 GC heap before
{Heap before GC invocations=10196 (full 237):
 PSYoungGen      total 3584K, used 3552K [0x00000000eab00000, 0x00000000eaf80000, 0x0000000100000000)
  eden space 3072K, 100% used [0x00000000eab00000,0x00000000eae00000,0x00000000eae00000)
  from space 512K, 93% used [0x00000000eae80000,0x00000000eaef8000,0x00000000eaf00000)
  to   space 512K, 0% used [0x00000000eaf00000,0x00000000eaf00000,0x00000000eaf80000)
 ParOldGen       total 176128K, used 172684K [0x00000000c0000000, 0x00000000cac00000, 0x00000000eab00000)
  object space 176128K, 98% used [0x00000000c0000000,0x00000000ca8a31f8,0x00000000cac00000)
 Metaspace       used 114742K, committed 116416K, reserved 1179648K
  class space    used 11631K, committed 12416K, reserved 1048576K
}
Event: 3265,289 GC heap after
{Heap after GC invocations=10196 (full 237):
 PSYoungGen      total 3072K, used 500K [0x00000000eab00000, 0x00000000eb100000, 0x0000000100000000)
  eden space 2560K, 0% used [0x00000000eab00000,0x00000000eab00000,0x00000000ead80000)
  from space 512K, 97% used [0x00000000eaf00000,0x00000000eaf7d200,0x00000000eaf80000)
  to   space 1536K, 0% used [0x00000000ead80000,0x00000000ead80000,0x00000000eaf00000)
 ParOldGen       total 176128K, used 173332K [0x00000000c0000000, 0x00000000cac00000, 0x00000000eab00000)
  object space 176128K, 98% used [0x00000000c0000000,0x00000000ca945278,0x00000000cac00000)
 Metaspace       used 114742K, committed 116416K, reserved 1179648K
  class space    used 11631K, committed 12416K, reserved 1048576K
}
Event: 3265,294 GC heap before
{Heap before GC invocations=10197 (full 237):
 PSYoungGen      total 3072K, used 3060K [0x00000000eab00000, 0x00000000eb100000, 0x0000000100000000)
  eden space 2560K, 100% used [0x00000000eab00000,0x00000000ead80000,0x00000000ead80000)
  from space 512K, 97% used [0x00000000eaf00000,0x00000000eaf7d200,0x00000000eaf80000)
  to   space 1536K, 0% used [0x00000000ead80000,0x00000000ead80000,0x00000000eaf00000)
 ParOldGen       total 176128K, used 173332K [0x00000000c0000000, 0x00000000cac00000, 0x00000000eab00000)
  object space 176128K, 98% used [0x00000000c0000000,0x00000000ca945278,0x00000000cac00000)
 Metaspace       used 114742K, committed 116416K, reserved 1179648K
  class space    used 11631K, committed 12416K, reserved 1048576K
}
Event: 3265,295 GC heap after
{Heap after GC invocations=10197 (full 237):
 PSYoungGen      total 3072K, used 448K [0x00000000eab00000, 0x00000000eaf80000, 0x0000000100000000)
  eden space 2560K, 0% used [0x00000000eab00000,0x00000000eab00000,0x00000000ead80000)
  from space 512K, 87% used [0x00000000ead80000,0x00000000eadf0000,0x00000000eae00000)
  to   space 1024K, 0% used [0x00000000eae80000,0x00000000eae80000,0x00000000eaf80000)
 ParOldGen       total 176128K, used 173854K [0x00000000c0000000, 0x00000000cac00000, 0x00000000eab00000)
  object space 176128K, 98% used [0x00000000c0000000,0x00000000ca9c7b30,0x00000000cac00000)
 Metaspace       used 114742K, committed 116416K, reserved 1179648K
  class space    used 11631K, committed 12416K, reserved 1048576K
}
Event: 3265,299 GC heap before
{Heap before GC invocations=10198 (full 237):
 PSYoungGen      total 3072K, used 3008K [0x00000000eab00000, 0x00000000eaf80000, 0x0000000100000000)
  eden space 2560K, 100% used [0x00000000eab00000,0x00000000ead80000,0x00000000ead80000)
  from space 512K, 87% used [0x00000000ead80000,0x00000000eadf0000,0x00000000eae00000)
  to   space 1024K, 0% used [0x00000000eae80000,0x00000000eae80000,0x00000000eaf80000)
 ParOldGen       total 176128K, used 173854K [0x00000000c0000000, 0x00000000cac00000, 0x00000000eab00000)
  object space 176128K, 98% used [0x00000000c0000000,0x00000000ca9c7b30,0x00000000cac00000)
 Metaspace       used 114742K, committed 116416K, reserved 1179648K
  class space    used 11631K, committed 12416K, reserved 1048576K
}
Event: 3265,300 GC heap after
{Heap after GC invocations=10198 (full 237):
 PSYoungGen      total 3072K, used 352K [0x00000000eab00000, 0x00000000eaf00000, 0x0000000100000000)
  eden space 2560K, 0% used [0x00000000eab00000,0x00000000eab00000,0x00000000ead80000)
  from space 512K, 68% used [0x00000000eae80000,0x00000000eaed8000,0x00000000eaf00000)
  to   space 512K, 0% used [0x00000000ead80000,0x00000000ead80000,0x00000000eae00000)
 ParOldGen       total 176128K, used 174118K [0x00000000c0000000, 0x00000000cac00000, 0x00000000eab00000)
  object space 176128K, 98% used [0x00000000c0000000,0x00000000caa09b30,0x00000000cac00000)
 Metaspace       used 114742K, committed 116416K, reserved 1179648K
  class space    used 11631K, committed 12416K, reserved 1048576K
}
Event: 3265,304 GC heap before
{Heap before GC invocations=10199 (full 237):
 PSYoungGen      total 3072K, used 2912K [0x00000000eab00000, 0x00000000eaf00000, 0x0000000100000000)
  eden space 2560K, 100% used [0x00000000eab00000,0x00000000ead80000,0x00000000ead80000)
  from space 512K, 68% used [0x00000000eae80000,0x00000000eaed8000,0x00000000eaf00000)
  to   space 512K, 0% used [0x00000000ead80000,0x00000000ead80000,0x00000000eae00000)
 ParOldGen       total 176128K, used 174118K [0x00000000c0000000, 0x00000000cac00000, 0x00000000eab00000)
  object space 176128K, 98% used [0x00000000c0000000,0x00000000caa09b30,0x00000000cac00000)
 Metaspace       used 114742K, committed 116416K, reserved 1179648K
  class space    used 11631K, committed 12416K, reserved 1048576K
}
Event: 3265,305 GC heap after
{Heap after GC invocations=10199 (full 237):
 PSYoungGen      total 3072K, used 384K [0x00000000eab00000, 0x00000000eaf00000, 0x0000000100000000)
  eden space 2560K, 0% used [0x00000000eab00000,0x00000000eab00000,0x00000000ead80000)
  from space 512K, 75% used [0x00000000ead80000,0x00000000eade0000,0x00000000eae00000)
  to   space 512K, 0% used [0x00000000eae80000,0x00000000eae80000,0x00000000eaf00000)
 ParOldGen       total 176128K, used 174294K [0x00000000c0000000, 0x00000000cac00000, 0x00000000eab00000)
  object space 176128K, 98% used [0x00000000c0000000,0x00000000caa35b30,0x00000000cac00000)
 Metaspace       used 114742K, committed 116416K, reserved 1179648K
  class space    used 11631K, committed 12416K, reserved 1048576K
}
Event: 3265,677 GC heap before
{Heap before GC invocations=10200 (full 237):
 PSYoungGen      total 3072K, used 2944K [0x00000000eab00000, 0x00000000eaf00000, 0x0000000100000000)
  eden space 2560K, 100% used [0x00000000eab00000,0x00000000ead80000,0x00000000ead80000)
  from space 512K, 75% used [0x00000000ead80000,0x00000000eade0000,0x00000000eae00000)
  to   space 512K, 0% used [0x00000000eae80000,0x00000000eae80000,0x00000000eaf00000)
 ParOldGen       total 176128K, used 174294K [0x00000000c0000000, 0x00000000cac00000, 0x00000000eab00000)
  object space 176128K, 98% used [0x00000000c0000000,0x00000000caa35b30,0x00000000cac00000)
 Metaspace       used 114753K, committed 116416K, reserved 1179648K
  class space    used 11631K, committed 12416K, reserved 1048576K
}
Event: 3265,678 GC heap after
{Heap after GC invocations=10200 (full 237):
 PSYoungGen      total 2560K, used 512K [0x00000000eab00000, 0x00000000eb080000, 0x0000000100000000)
  eden space 2048K, 0% used [0x00000000eab00000,0x00000000eab00000,0x00000000ead00000)
  from space 512K, 100% used [0x00000000eae80000,0x00000000eaf00000,0x00000000eaf00000)
  to   space 1536K, 0% used [0x00000000ead00000,0x00000000ead00000,0x00000000eae80000)
 ParOldGen       total 176128K, used 174792K [0x00000000c0000000, 0x00000000cac00000, 0x00000000eab00000)
  object space 176128K, 99% used [0x00000000c0000000,0x00000000caab2050,0x00000000cac00000)
 Metaspace       used 114753K, committed 116416K, reserved 1179648K
  class space    used 11631K, committed 12416K, reserved 1048576K
}

